==========================================
Lonestar6 Performance Metrics
Job: BeamClean_Mesh
Job ID: 2957193
Node(s): c313-103
Cores: 12
Memory: 36GB
Start time: Tue Mar  3 08:37:50 CST 2026
==========================================

OpenFOAM version:
/home1/apps/intel24/impi21/OpenFOAM/OpenFOAM-12/platforms/linux64IcxDPInt32Opt/bin/blockMesh

Working directory: /work/11170/roy/FRP-Beam-Cleaning

Starting mesh generation...
Starting mesh generation...
Case: /work/11170/roy/FRP-Beam-Cleaning

Cleaning old mesh...

Running blockMesh...
✓ blockMesh done

Extracting features...
✓ Features done

Decomposing for parallel meshing (12 cores)...
✓ Decomposed

Running snappyHexMesh in parallel...
✓ snappyHexMesh done

Reconstructing mesh...
✓ Reconstructed

Cleaning up...
✓ Cleanup done

Checking mesh quality...
✓ Mesh OK

Mesh generation complete!
Logs: logs/mesh_20260303_083752

==========================================
Mesh generation SUCCESSFUL!
==========================================

Boundary patches created:
    format      binary;
    class       polyBoundaryMesh;
    location    "constant/polyMesh";
    object      boundary;
    enclosure

Mesh statistics:

Job finished at: Tue Mar  3 15:37:52 CST 2026
Total runtime: 25202 seconds (420 minutes)

==========================================
PERFORMANCE SUMMARY
==========================================
Cores used: 12
Memory allocated: 36GB
Runtime: 25202 seconds
==========================================
