==========================================
Lonestar6 Performance Metrics
Job: BeamClean_Mesh
Job ID: 2925938
Node(s): c314-071
Cores: 12
Memory: 36GB
Start time: Mon Feb 16 04:08:55 CST 2026
==========================================

OpenFOAM version:
/home1/apps/intel24/impi21/OpenFOAM/OpenFOAM-12/platforms/linux64IcxDPInt32Opt/bin/blockMesh

Working directory: /work/11170/roy/FRP-Beam-Cleaning

Starting mesh generation...
Starting mesh generation...
Case: /work/11170/roy/FRP-Beam-Cleaning

Cleaning old mesh...

Running blockMesh...
✓ blockMesh done

Extracting features...
✓ Features done

Decomposing for parallel meshing (12 cores)...
✓ Decomposed

Running snappyHexMesh in parallel...
✓ snappyHexMesh done

Reconstructing mesh...
✓ Reconstructed

Cleaning up...
✓ Cleanup done

Checking mesh quality...
✓ Mesh OK

Mesh generation complete!
Logs: logs/mesh_20260216_040856

==========================================
Mesh generation SUCCESSFUL!
==========================================

Boundary patches created:
    format      binary;
    class       polyBoundaryMesh;
    location    "constant/polyMesh";
    object      boundary;
    walls

Mesh statistics:

Job finished at: Mon Feb 16 11:22:35 CST 2026
Total runtime: 26020 seconds (433 minutes)

==========================================
PERFORMANCE SUMMARY
==========================================
Cores used: 12
Memory allocated: 36GB
Runtime: 26020 seconds
==========================================
